-------------------------------------------------------------------------------
Test set: com.example.todolists_springboot.repository.RepositoryTest
-------------------------------------------------------------------------------
Tests run: 15, Failures: 13, Errors: 2, Skipped: 0, Time elapsed: 4.149 s <<< FAILURE! - in com.example.todolists_springboot.repository.RepositoryTest
should_select_users_by_task_id_and_return_the_users  Time elapsed: 0.269 s  <<< FAILURE!
org.opentest4j.AssertionFailedError: expected: <[User(userId=1, userName=小明), User(userId=3, userName=小花)]> but was: <[]>
	at com.example.todolists_springboot.repository.RepositoryTest.should_select_users_by_task_id_and_return_the_users(RepositoryTest.java:130)

should_add_an_user_with_no_tasks_and_return_the_user  Time elapsed: 0.024 s  <<< FAILURE!
org.opentest4j.AssertionFailedError: expected: <4> but was: <5>
	at com.example.todolists_springboot.repository.RepositoryTest.should_add_an_user_with_no_tasks_and_return_the_user(RepositoryTest.java:54)

should_select_tasks_by_user_id_and_return_the_tasks  Time elapsed: 0.015 s  <<< FAILURE!
org.opentest4j.AssertionFailedError: expected: <[Task(taskId=1, taskName=task1, taskCompleted=false), Task(taskId=2, taskName=task2, taskCompleted=false)]> but was: <[Task(taskId=7, taskName=test1, taskCompleted=false)]>
	at com.example.todolists_springboot.repository.RepositoryTest.should_select_tasks_by_user_id_and_return_the_tasks(RepositoryTest.java:101)

should_add_an_user_with_some_tasks_and_return_the_user  Time elapsed: 0.025 s  <<< FAILURE!
org.opentest4j.AssertionFailedError: expected: <4> but was: <5>
	at com.example.todolists_springboot.repository.RepositoryTest.should_add_an_user_with_some_tasks_and_return_the_user(RepositoryTest.java:68)

should_select_task_by_task_id_and_return_the_task  Time elapsed: 0.016 s  <<< FAILURE!
org.opentest4j.AssertionFailedError: expected: <task1> but was: <test1>
	at com.example.todolists_springboot.repository.RepositoryTest.should_select_task_by_task_id_and_return_the_task(RepositoryTest.java:83)

should_select_tasks_by_user_and_return_the_tasks  Time elapsed: 0.015 s  <<< FAILURE!
org.opentest4j.AssertionFailedError: expected: <[Task(taskId=1, taskName=task1, taskCompleted=false), Task(taskId=2, taskName=task2, taskCompleted=false)]> but was: <[Task(taskId=7, taskName=test1, taskCompleted=false)]>
	at com.example.todolists_springboot.repository.RepositoryTest.should_select_tasks_by_user_and_return_the_tasks(RepositoryTest.java:116)

should_select_tasks_by_user_name_and_return_the_tasks  Time elapsed: 0.023 s  <<< FAILURE!
org.opentest4j.AssertionFailedError: expected: <[Task(taskId=1, taskName=task1, taskCompleted=false), Task(taskId=2, taskName=task2, taskCompleted=false)]> but was: <[Task(taskId=28, taskName=task1, taskCompleted=false), Task(taskId=29, taskName=task2, taskCompleted=false)]>
	at com.example.todolists_springboot.repository.RepositoryTest.should_select_tasks_by_user_name_and_return_the_tasks(RepositoryTest.java:108)

updtae_by_id  Time elapsed: 0.014 s  <<< ERROR!
java.util.NoSuchElementException: No value present
	at com.example.todolists_springboot.repository.RepositoryTest.updtae_by_id(RepositoryTest.java:159)

should_add_many_tasks_and_return_the_tasklists  Time elapsed: 0.018 s  <<< FAILURE!
org.opentest4j.AssertionFailedError: expected: <5> but was: <12>
	at com.example.todolists_springboot.repository.RepositoryTest.should_add_many_tasks_and_return_the_tasklists(RepositoryTest.java:78)

should_select_users_by_task_and_return_the_users  Time elapsed: 0.022 s  <<< FAILURE!
org.opentest4j.AssertionFailedError: expected: <[User(userId=1, userName=小明), User(userId=3, userName=小花)]> but was: <[]>
	at com.example.todolists_springboot.repository.RepositoryTest.should_select_users_by_task_and_return_the_users(RepositoryTest.java:145)

should_select_task_by_task_name_and_return_the_task  Time elapsed: 0.019 s  <<< FAILURE!
org.opentest4j.AssertionFailedError: expected: <[Task(taskId=1, taskName=task1, taskCompleted=false), Task(taskId=45, taskName=task1, taskCompleted=false)]> but was: <[Task(taskId=42, taskName=task1, taskCompleted=false), Task(taskId=45, taskName=task1, taskCompleted=false)]>
	at com.example.todolists_springboot.repository.RepositoryTest.should_select_task_by_task_name_and_return_the_task(RepositoryTest.java:94)

select_task_by_keyword  Time elapsed: 0.024 s  <<< FAILURE!
org.opentest4j.AssertionFailedError: expected: <[Task(taskId=1, taskName=test1, taskCompleted=false), Task(taskId=2, taskName=c, taskCompleted=false), Task(taskId=3, taskName=o, taskCompleted=false), Task(taskId=4, taskName=test1, taskCompleted=false), Task(taskId=5, taskName=h哈哈哈哈, taskCompleted=true), Task(taskId=6, taskName=test1, taskCompleted=false), Task(taskId=7, taskName=test1, taskCompleted=false), Task(taskId=46, taskName=task1, taskCompleted=false), Task(taskId=47, taskName=task2, taskCompleted=false), Task(taskId=48, taskName=task3, taskCompleted=false)]> but was: <[Task(taskId=46, taskName=task1, taskCompleted=false), Task(taskId=47, taskName=task2, taskCompleted=false), Task(taskId=48, taskName=task3, taskCompleted=false)]>
	at com.example.todolists_springboot.repository.RepositoryTest.select_task_by_keyword(RepositoryTest.java:167)

should_delete_all_tasks_by_user_id_and_return_empty_list  Time elapsed: 0.045 s  <<< ERROR!
org.springframework.dao.DataIntegrityViolationException: could not execute statement; SQL [n/a]; constraint [null]; nested exception is org.hibernate.exception.ConstraintViolationException: could not execute statement
	at com.example.todolists_springboot.repository.RepositoryTest.should_delete_all_tasks_by_user_id_and_return_empty_list(RepositoryTest.java:153)
Caused by: org.hibernate.exception.ConstraintViolationException: could not execute statement
	at com.example.todolists_springboot.repository.RepositoryTest.should_delete_all_tasks_by_user_id_and_return_empty_list(RepositoryTest.java:153)
Caused by: java.sql.SQLIntegrityConstraintViolationException: Cannot delete or update a parent row: a foreign key constraint fails (`springdata_jpa`.`user_tasks`, CONSTRAINT `FKqac0qt8flpj6dm9h0oj2q7e9w` FOREIGN KEY (`task_id`) REFERENCES `tb_tasks` (`task_id`))
	at com.example.todolists_springboot.repository.RepositoryTest.should_delete_all_tasks_by_user_id_and_return_empty_list(RepositoryTest.java:153)

should_select_users_by_task_name_and_return_the_users  Time elapsed: 0.021 s  <<< FAILURE!
org.opentest4j.AssertionFailedError: expected: <[User(userId=1, userName=小明), User(userId=3, userName=小花)]> but was: <[User(userId=43, userName=小明), User(userId=45, userName=小花)]>
	at com.example.todolists_springboot.repository.RepositoryTest.should_select_users_by_task_name_and_return_the_users(RepositoryTest.java:137)

should_select_user_by_user_id_and_return_the_user  Time elapsed: 0.009 s  <<< FAILURE!
org.opentest4j.AssertionFailedError: expected: <小明> but was: <userOne>
	at com.example.todolists_springboot.repository.RepositoryTest.should_select_user_by_user_id_and_return_the_user(RepositoryTest.java:121)

